Watching for file changes with StatReloader
Not Found: /
Not Found: /media/default_pic.jpg
Not Found: /home/{
Not Found: /media/default_pic.jpg
Not Found: /media/default_pic.jpg
Not Found: /media/default_pic.jpg
Not Found: /media/default_pic.jpg
Not Found: /media/default_pic.jpg
Not Found: /media/default_pic.jpg
Not Found: /media/default_pic.jpg
Not Found: /media/default_pic.jpg
Not Found: /media/default_pic.jpg
Not Found: /media/default_pic.jpg
Not Found: /media/default_pic.jpg
Not Found: /media/default_pic.jpg
Not Found: /media/default_pic.jpg
Not Found: /media/default_pic.jpg
Not Found: /media/default_pic.jpg
Not Found: /media/default_pic.jpg
Not Found: /media/default_pic.jpg
Not Found: /media/default_pic.jpg
Not Found: /media/default_pic.jpg
C:\Users\basti\OneDrive\Documents\GitHub\IWG-GRUPO3\src\mysite\settings.py changed, reloading.
